<?xml version="1.0" encoding="UTF-8"?>
<!-- Generated by org.testng.reporters.JUnitReportReporter -->
<testsuite hostname="Jhoncy" failures="0" tests="5" name="test.ohrm.homepage.Ohrm_Homepage_Login" time="34.485" errors="0" timestamp="2023-01-09T21:57:04 IST" skipped="0">
  <testcase classname="test.ohrm.homepage.Ohrm_Homepage_Login" name="ohrm_logout" time="8.108"/>
  <system-out/>
  <testcase classname="test.ohrm.homepage.Ohrm_Homepage_Login" name="ohrm_correct_login" time="8.146"/>
  <system-out/>
  <testcase classname="test.ohrm.homepage.Ohrm_Homepage_Login" name="ohrm_wrong_pwd" time="6.218"/>
  <system-out/>
  <testcase classname="test.ohrm.homepage.Ohrm_Homepage_Login" name="ohrm_wrong_user" time="6.040"/>
  <system-out/>
  <testcase classname="test.ohrm.homepage.Ohrm_Homepage_Login" name="ohrm_wrong_userandpwd" time="5.973"/>
  <system-out/>
</testsuite> <!-- test.ohrm.homepage.Ohrm_Homepage_Login -->
